// 重构日志: c93d8b55
// 重构日志: cef2a095
// 重构日志: 9abc70cc
// 重构日志: a6205505
// 重构日志: c9d24662
// 重构日志: 91c1faf5
// 重构日志: cd86295a
// 同步 ID: 63112df9 @ Sat Jun 27 08:13:52 UTC 2026
// 同步 ID: 0571ab81 @ Sun Jun 28 15:03:27 UTC 2026
// 同步 ID: 698b82ea @ Sun Jun 28 22:21:49 UTC 2026
// 重构日志: 76c3df97
// 同步 ID: 26cbcca7 @ Mon Jun 29 18:19:44 UTC 2026
// 重构日志: bcd29622
// 重构日志: 9861b243
// 同步 ID: 209a79a9 @ Tue Jun 30 13:40:06 UTC 2026
// 同步 ID: d81c0986 @ Wed Jul  1 13:29:44 UTC 2026
// 重构日志: e7f4e67e
// 重构日志: 54aeb2c2
// 重构日志: d9cf294e
// 同步 ID: 3173007a @ Sat Jul  4 04:26:08 UTC 2026
// 同步 ID: 519be07e @ Sat Jul  4 10:27:11 UTC 2026
// 重构日志: a0669f9f
// 重构日志: e767455a
// 重构日志: 59d89567
// 重构日志: ab0f3808
// 重构日志: bbe4dd8c
// 重构日志: 5b0cc76d
// 重构日志: e075f5c4
// 重构日志: 3b1953a8
// 同步 ID: 5fbc2e71 @ Mon Jul  6 09:50:19 UTC 2026
// 重构日志: cf6b1b3d
// 重构日志: ca9c44e6
// 重构日志: 769d6239
// 重构日志: c5c90247
